<?xml version="1.0" encoding="UTF-8"?>
<checkstyle version="8.19">
<file name="/home/adithya/Desktop/kotak-rules/src/test/java/ParseComplex.java">
<error line="5" severity="error" message="Import statement for &apos;javax.xml.parsers.SAXParser&apos; is in the wrong order. Should be in the &apos;SPECIAL_IMPORTS&apos; group, expecting not assigned imports on this line." source="com.puppycrawl.tools.checkstyle.checks.imports.CustomImportOrderCheck"/>
<error line="6" severity="error" message="Import statement for &apos;javax.xml.parsers.SAXParserFactory&apos; is in the wrong order. Should be in the &apos;SPECIAL_IMPORTS&apos; group, expecting not assigned imports on this line." source="com.puppycrawl.tools.checkstyle.checks.imports.CustomImportOrderCheck"/>
<error line="7" severity="error" message="Import statement for &apos;java.io.File&apos; is in the wrong order. Should be in the &apos;STANDARD_JAVA_PACKAGE&apos; group, expecting not assigned imports on this line." source="com.puppycrawl.tools.checkstyle.checks.imports.CustomImportOrderCheck"/>
</file>
<file name="/home/adithya/Desktop/kotak-rules/src/test/java/ComplexExecute.java">
<error line="4" column="8" severity="error" message="Unused import - java.util.Arrays." source="com.puppycrawl.tools.checkstyle.checks.imports.UnusedImportsCheck"/>
<error line="7" column="8" severity="error" message="Unused import - org.junit.jupiter.api.Assertions." source="com.puppycrawl.tools.checkstyle.checks.imports.UnusedImportsCheck"/>
<error line="10" severity="error" message="Using the &apos;.*&apos; form of import should be avoided - org.kie.dmn.api.core.*." source="com.puppycrawl.tools.checkstyle.checks.imports.AvoidStarImportCheck"/>
</file>
<file name="/home/adithya/Desktop/kotak-rules/src/test/java/Testexp.java">
<error line="1" column="8" severity="error" message="Unused import - lombok.Builder." source="com.puppycrawl.tools.checkstyle.checks.imports.UnusedImportsCheck"/>
<error line="2" column="8" severity="error" message="Unused import - lombok.Data." source="com.puppycrawl.tools.checkstyle.checks.imports.UnusedImportsCheck"/>
<error line="3" column="8" severity="error" message="Unused import - org.apache.commons.lang3.StringUtils." source="com.puppycrawl.tools.checkstyle.checks.imports.UnusedImportsCheck"/>
<error line="8" severity="error" message="Using the &apos;.*&apos; form of import should be avoided - org.kie.dmn.api.core.*." source="com.puppycrawl.tools.checkstyle.checks.imports.AvoidStarImportCheck"/>
<error line="10" severity="error" message="Import statement for &apos;java.util.Arrays&apos; is in the wrong order. Should be in the &apos;STANDARD_JAVA_PACKAGE&apos; group, expecting not assigned imports on this line." source="com.puppycrawl.tools.checkstyle.checks.imports.CustomImportOrderCheck"/>
<error line="10" column="8" severity="error" message="Unused import - java.util.Arrays." source="com.puppycrawl.tools.checkstyle.checks.imports.UnusedImportsCheck"/>
<error line="11" severity="error" message="Import statement for &apos;java.util.HashMap&apos; is in the wrong order. Should be in the &apos;STANDARD_JAVA_PACKAGE&apos; group, expecting not assigned imports on this line." source="com.puppycrawl.tools.checkstyle.checks.imports.CustomImportOrderCheck"/>
<error line="11" column="8" severity="error" message="Unused import - java.util.HashMap." source="com.puppycrawl.tools.checkstyle.checks.imports.UnusedImportsCheck"/>
<error line="12" severity="error" message="Import statement for &apos;java.util.List&apos; is in the wrong order. Should be in the &apos;STANDARD_JAVA_PACKAGE&apos; group, expecting not assigned imports on this line." source="com.puppycrawl.tools.checkstyle.checks.imports.CustomImportOrderCheck"/>
<error line="12" column="8" severity="error" message="Unused import - java.util.List." source="com.puppycrawl.tools.checkstyle.checks.imports.UnusedImportsCheck"/>
<error line="13" severity="error" message="Import statement for &apos;java.util.Map&apos; is in the wrong order. Should be in the &apos;STANDARD_JAVA_PACKAGE&apos; group, expecting not assigned imports on this line." source="com.puppycrawl.tools.checkstyle.checks.imports.CustomImportOrderCheck"/>
<error line="13" column="8" severity="error" message="Unused import - java.util.Map." source="com.puppycrawl.tools.checkstyle.checks.imports.UnusedImportsCheck"/>
</file>
</checkstyle>
