<?xml version="1.0" encoding="UTF-8"?>
<checkstyle version="8.19">
<file name="/home/adithya/rules-1/kotak-rules/src/main/java/com/Student.java">
<error line="8" severity="error" message="Import statement for &apos;java.util.HashMap&apos; is in the wrong order. Should be in the &apos;STANDARD_JAVA_PACKAGE&apos; group, expecting not assigned imports on this line." source="com.puppycrawl.tools.checkstyle.checks.imports.CustomImportOrderCheck"/>
<error line="8" column="8" severity="error" message="Unused import - java.util.HashMap." source="com.puppycrawl.tools.checkstyle.checks.imports.UnusedImportsCheck"/>
</file>
<file name="/home/adithya/rules-1/kotak-rules/src/test/java/test1.java">
<error line="5" severity="error" message="Import statement for &apos;javax.xml.parsers.SAXParser&apos; is in the wrong order. Should be in the &apos;SPECIAL_IMPORTS&apos; group, expecting not assigned imports on this line." source="com.puppycrawl.tools.checkstyle.checks.imports.CustomImportOrderCheck"/>
<error line="6" severity="error" message="Import statement for &apos;javax.xml.parsers.SAXParserFactory&apos; is in the wrong order. Should be in the &apos;SPECIAL_IMPORTS&apos; group, expecting not assigned imports on this line." source="com.puppycrawl.tools.checkstyle.checks.imports.CustomImportOrderCheck"/>
<error line="7" severity="error" message="Import statement for &apos;java.io.File&apos; is in the wrong order. Should be in the &apos;STANDARD_JAVA_PACKAGE&apos; group, expecting not assigned imports on this line." source="com.puppycrawl.tools.checkstyle.checks.imports.CustomImportOrderCheck"/>
</file>
<file name="/home/adithya/rules-1/kotak-rules/src/test/java/Testexp.java">
<error line="4" column="8" severity="error" message="Unused import - java.util.Arrays." source="com.puppycrawl.tools.checkstyle.checks.imports.UnusedImportsCheck"/>
<error line="10" severity="error" message="Using the &apos;.*&apos; form of import should be avoided - org.kie.dmn.api.core.*." source="com.puppycrawl.tools.checkstyle.checks.imports.AvoidStarImportCheck"/>
</file>
<file name="/home/adithya/rules-1/kotak-rules/src/test/java/testscenario/KogitoScenarioJunitActivatorTest.java">
</file>
<file name="/home/adithya/rules-1/kotak-rules/src/test/java/NestedParser.java">
<error line="5" severity="error" message="Import statement for &apos;javax.xml.parsers.SAXParser&apos; is in the wrong order. Should be in the &apos;SPECIAL_IMPORTS&apos; group, expecting not assigned imports on this line." source="com.puppycrawl.tools.checkstyle.checks.imports.CustomImportOrderCheck"/>
<error line="6" severity="error" message="Import statement for &apos;javax.xml.parsers.SAXParserFactory&apos; is in the wrong order. Should be in the &apos;SPECIAL_IMPORTS&apos; group, expecting not assigned imports on this line." source="com.puppycrawl.tools.checkstyle.checks.imports.CustomImportOrderCheck"/>
<error line="7" severity="error" message="Import statement for &apos;java.io.File&apos; is in the wrong order. Should be in the &apos;STANDARD_JAVA_PACKAGE&apos; group, expecting not assigned imports on this line." source="com.puppycrawl.tools.checkstyle.checks.imports.CustomImportOrderCheck"/>
</file>
</checkstyle>
